[debug] [2025-10-28T02:28:17.274Z] ----------------------------------------------------------------------
[debug] [2025-10-28T02:28:17.276Z] Command:       /Users/ammaressajee/.nvm/versions/node/v22.21.0/bin/node /Users/ammaressajee/.nvm/versions/node/v18.20.8/bin/firebase deploy --only hosting
[debug] [2025-10-28T02:28:17.276Z] CLI Version:   13.35.1
[debug] [2025-10-28T02:28:17.276Z] Platform:      darwin
[debug] [2025-10-28T02:28:17.276Z] Node Version:  v22.21.0
[debug] [2025-10-28T02:28:17.276Z] Time:          Mon Oct 27 2025 21:28:17 GMT-0500 (Central Daylight Time)
[debug] [2025-10-28T02:28:17.276Z] ----------------------------------------------------------------------
[debug] 
[debug] [2025-10-28T02:28:17.362Z] > command requires scopes: ["email","openid","https://www.googleapis.com/auth/cloudplatformprojects.readonly","https://www.googleapis.com/auth/firebase","https://www.googleapis.com/auth/cloud-platform"]
[debug] [2025-10-28T02:28:17.362Z] > authorizing via signed-in user (ammar.essajee97@gmail.com)
[debug] [2025-10-28T02:28:17.362Z] [iam] checking project ranked-app-9f746 for permissions ["firebase.projects.get","firebasehosting.sites.update"]
[debug] [2025-10-28T02:28:17.362Z] Checked if tokens are valid: true, expires at: 1761622066533
[debug] [2025-10-28T02:28:17.362Z] Checked if tokens are valid: true, expires at: 1761622066533
[debug] [2025-10-28T02:28:17.363Z] >>> [apiv2][query] POST https://cloudresourcemanager.googleapis.com/v1/projects/ranked-app-9f746:testIamPermissions [none]
[debug] [2025-10-28T02:28:17.363Z] >>> [apiv2][(partial)header] POST https://cloudresourcemanager.googleapis.com/v1/projects/ranked-app-9f746:testIamPermissions x-goog-quota-user=projects/ranked-app-9f746
[debug] [2025-10-28T02:28:17.363Z] >>> [apiv2][body] POST https://cloudresourcemanager.googleapis.com/v1/projects/ranked-app-9f746:testIamPermissions {"permissions":["firebase.projects.get","firebasehosting.sites.update"]}
[debug] [2025-10-28T02:28:17.514Z] <<< [apiv2][status] POST https://cloudresourcemanager.googleapis.com/v1/projects/ranked-app-9f746:testIamPermissions 200
[debug] [2025-10-28T02:28:17.514Z] <<< [apiv2][body] POST https://cloudresourcemanager.googleapis.com/v1/projects/ranked-app-9f746:testIamPermissions {"permissions":["firebase.projects.get","firebasehosting.sites.update"]}
[debug] [2025-10-28T02:28:17.514Z] Checked if tokens are valid: true, expires at: 1761622066533
[debug] [2025-10-28T02:28:17.514Z] Checked if tokens are valid: true, expires at: 1761622066533
[debug] [2025-10-28T02:28:17.515Z] >>> [apiv2][query] GET https://firebase.googleapis.com/v1beta1/projects/ranked-app-9f746 [none]
[debug] [2025-10-28T02:28:17.704Z] <<< [apiv2][status] GET https://firebase.googleapis.com/v1beta1/projects/ranked-app-9f746 200
[debug] [2025-10-28T02:28:17.704Z] <<< [apiv2][body] GET https://firebase.googleapis.com/v1beta1/projects/ranked-app-9f746 {"projectId":"ranked-app-9f746","projectNumber":"353112881183","displayName":"ranked-app","name":"projects/ranked-app-9f746","resources":{"hostingSite":"ranked-app-9f746"},"state":"ACTIVE","etag":"1_419079b4-ccbc-4993-82bb-1835b74d3a0a"}
[info] 
[info] === Deploying to 'ranked-app-9f746'...
[info] 
[info] i  deploying hosting 
[debug] [2025-10-28T02:28:17.707Z] Checked if tokens are valid: true, expires at: 1761622066533
[debug] [2025-10-28T02:28:17.707Z] Checked if tokens are valid: true, expires at: 1761622066533
[debug] [2025-10-28T02:28:17.707Z] >>> [apiv2][query] POST https://firebasehosting.googleapis.com/v1beta1/projects/-/sites/ranked-app-9f746/versions [none]
[debug] [2025-10-28T02:28:17.707Z] >>> [apiv2][body] POST https://firebasehosting.googleapis.com/v1beta1/projects/-/sites/ranked-app-9f746/versions {"status":"CREATED","labels":{"deployment-tool":"cli-firebase"}}
